<?xml version="1.0" encoding="UTF-8"?>
<testng-results skipped="0" failed="0" ignored="0" total="1" passed="1">
  <reporter-output>
    <line>
      <![CDATA[Opening Browser]]>
    </line>
    <line>
      <![CDATA[Login]]>
    </line>
    <line>
      <![CDATA[logout]]>
    </line>
    <line>
      <![CDATA[Closing the browser]]>
    </line>
  </reporter-output>
  <suite name="Default suite" duration-ms="42256" started-at="2023-01-24T20:30:58 IST" finished-at="2023-01-24T20:31:41 IST">
    <groups>
    </groups>
    <test name="Default test" duration-ms="42256" started-at="2023-01-24T20:30:58 IST" finished-at="2023-01-24T20:31:41 IST">
      <class name="com.actitime.testscript.CustomerModule">
        <test-method status="PASS" signature="openBrowser()[pri:0, instance:com.actitime.testscript.CustomerModule@4923ab24]" name="openBrowser" is-config="true" duration-ms="1707" started-at="2023-01-24T20:30:58 IST" finished-at="2023-01-24T20:31:00 IST">
          <reporter-output>
            <line>
              <![CDATA[Opening Browser]]>
            </line>
          </reporter-output>
        </test-method> <!-- openBrowser -->
        <test-method status="PASS" signature="login()[pri:0, instance:com.actitime.testscript.CustomerModule@4923ab24]" name="login" is-config="true" duration-ms="12365" started-at="2023-01-24T20:31:00 IST" finished-at="2023-01-24T20:31:13 IST">
          <reporter-output>
            <line>
              <![CDATA[Login]]>
            </line>
          </reporter-output>
        </test-method> <!-- login -->
        <test-method status="PASS" signature="testCreateCustomer()[pri:0, instance:com.actitime.testscript.CustomerModule@4923ab24]" name="testCreateCustomer" duration-ms="9873" started-at="2023-01-24T20:31:13 IST" finished-at="2023-01-24T20:31:22 IST">
          <reporter-output>
          </reporter-output>
        </test-method> <!-- testCreateCustomer -->
        <test-method status="PASS" signature="logout()[pri:0, instance:com.actitime.testscript.CustomerModule@4923ab24]" name="logout" is-config="true" duration-ms="2131" started-at="2023-01-24T20:31:22 IST" finished-at="2023-01-24T20:31:25 IST">
          <reporter-output>
            <line>
              <![CDATA[logout]]>
            </line>
          </reporter-output>
        </test-method> <!-- logout -->
        <test-method status="PASS" signature="closeBrowser()[pri:0, instance:com.actitime.testscript.CustomerModule@4923ab24]" name="closeBrowser" is-config="true" duration-ms="16157" started-at="2023-01-24T20:31:25 IST" finished-at="2023-01-24T20:31:41 IST">
          <reporter-output>
            <line>
              <![CDATA[Closing the browser]]>
            </line>
          </reporter-output>
        </test-method> <!-- closeBrowser -->
      </class> <!-- com.actitime.testscript.CustomerModule -->
    </test> <!-- Default test -->
  </suite> <!-- Default suite -->
</testng-results>
